[[1;34mINFO[m] Scanning for projects...
[[1;34mINFO[m] 
[[1;34mINFO[m] [1m------------------------------------------------------------------------[m
[[1;34mINFO[m] [1mBuilding my-app 1.0-SNAPSHOT[m
[[1;34mINFO[m] [1m------------------------------------------------------------------------[m
[[1;34mINFO[m] 
[[1;34mINFO[m] [1m--- [0;32mmaven-resources-plugin:2.6:resources[m [1m(default-resources)[m @ [36mmy-app[0;1m ---[m
[[1;33mWARNING[m] Using platform encoding (UTF-8 actually) to copy filtered resources, i.e. build is platform dependent!
[[1;34mINFO[m] skip non existing resourceDirectory /home/vprusa/workspace/school/MUNI/MGR/1ZS/PA165-Vyvoj-systemu-v-jazyce-Java/seminars/muni-PA165-my-app/src/main/resources
[[1;34mINFO[m] 
[[1;34mINFO[m] [1m--- [0;32mmaven-compiler-plugin:3.1:compile[m [1m(default-compile)[m @ [36mmy-app[0;1m ---[m
[[1;34mINFO[m] Changes detected - recompiling the module!
[[1;33mWARNING[m] File encoding has not been set, using platform encoding UTF-8, i.e. build is platform dependent!
[[1;34mINFO[m] Compiling 1 source file to /home/vprusa/workspace/school/MUNI/MGR/1ZS/PA165-Vyvoj-systemu-v-jazyce-Java/seminars/muni-PA165-my-app/target/classes
[[1;34mINFO[m] 
[[1;34mINFO[m] [1m>>> [0;32mexec-maven-plugin:1.2.1:java[m [1m(default-cli)[0;1m > [0;1mvalidate[m @ [36mmy-app[0;1m >>>[m
[[1;34mINFO[m] 
[[1;34mINFO[m] [1m<<< [0;32mexec-maven-plugin:1.2.1:java[m [1m(default-cli)[0;1m < [0;1mvalidate[m @ [36mmy-app[0;1m <<<[m
[[1;34mINFO[m] 
[[1;34mINFO[m] 
[[1;34mINFO[m] [1m--- [0;32mexec-maven-plugin:1.2.1:java[m [1m(default-cli)[m @ [36mmy-app[0;1m ---[m
Hello World!
[[1;34mINFO[m] [1m------------------------------------------------------------------------[m
[[1;34mINFO[m] [1;32mBUILD SUCCESS[m
[[1;34mINFO[m] [1m------------------------------------------------------------------------[m
[[1;34mINFO[m] Total time: 0.927 s
[[1;34mINFO[m] Finished at: 2018-09-21T15:20:59+02:00
[[1;34mINFO[m] Final Memory: 15M/464M
[[1;34mINFO[m] [1m------------------------------------------------------------------------[m
